2021-06-18 20:27:33,730 - app.views.game - INFO - {'user_id': '0000011', 'device_id': '7f3bb239-630c-3a50-861f-02f86a3058a6', 'date': '2020-10-12', 'game_count': '4'}
2021-06-18 20:27:33,730 - app.views.game - INFO - Start print log
2021-06-18 20:27:33,730 - app.views.game - WARNING - Something maybe fail.
2021-06-18 20:27:33,730 - app.views.game - INFO - Finish
2021-06-18 20:37:01,464 - app.views.game - INFO - {'user_id': '0000012', 'device_id': '7f3bb239-630c-3a50-861f-02f86a3058a6', 'date': '2020-10-12', 'game_count': '4'}
2021-06-18 20:37:01,464 - app.views.game - INFO - Start print log
2021-06-18 20:37:01,464 - app.views.game - WARNING - Something maybe fail.
2021-06-18 20:37:01,465 - app.views.game - INFO - Finish
2021-06-18 20:59:24,381 - app.views.game - INFO - {'user_id': '0000013', 'device_id': '7f3bb239-630c-3a50-861f-02f86a3058a6', 'date': '2020-10-12', 'game_count': '4'}
2021-06-18 20:59:24,381 - app.views.game - WARNING - Something maybe fail.
2021-06-18 20:59:24,381 - app.views.game - INFO - Finish
2021-06-25 13:12:45,599 - app.views.Legend_town - INFO - 1,2,3
2021-06-25 13:13:09,703 - app.views.Legend_town - INFO - 1,2,3
2021-06-25 13:15:01,485 - app.views.Legend_town - INFO - 1,2,3
2021-06-25 13:15:03,460 - app.views.Legend_town - INFO - 1,2,3
2021-06-25 13:15:16,179 - app.views.Legend_town - INFO - 1,2,3
2021-06-25 13:16:53,717 - app.views.Legend_town - INFO - 1,2,3
2021-06-25 13:16:54,962 - app.views.Legend_town - INFO - 1,2,3
2021-06-25 13:18:24,031 - app.views.Legend_town - INFO - 1,2,3
2021-06-25 13:18:25,708 - app.views.Legend_town - INFO - ['1', '2', '3']
2021-06-25 13:18:26,506 - app.views.Legend_town - INFO - ['1', '2', '3']
2021-06-25 13:18:57,615 - app.views.Legend_town - INFO - ['1', '2', '3']
2021-06-25 13:19:20,664 - app.views.Legend_town - INFO - ['1', '2', '3']
2021-06-25 13:19:25,655 - app.views.Legend_town - INFO - ['1', '2', '3']
2021-06-25 13:20:43,049 - app.views.Legend_town - INFO - ['1', '2', '3']
2021-06-25 13:20:44,909 - app.views.Legend_town - INFO - ['1', '2', '3']
2021-06-25 13:23:16,818 - app.views.Legend_town - INFO - ['1', '2', '3']
2021-06-25 13:23:24,007 - app.views.Legend_town - INFO - ['1', '2', '3']
2021-06-25 13:24:07,278 - app.views.Legend_town - INFO - ['1', '2', '3']
2021-06-25 13:24:09,262 - app.views.Legend_town - INFO - ['1', '2', '3']
2021-06-25 13:24:39,877 - app.views.Legend_town - INFO - ['1', '2', '3']
2021-06-25 13:25:04,733 - app.views.Legend_town - INFO - ['1', '2', '3']
2021-06-25 13:25:05,533 - app.views.Legend_town - INFO - ['1', '2', '3']
2021-06-25 13:25:10,518 - app.views.Legend_town - INFO - ['1', '2', '3']
2021-06-25 13:27:17,336 - app.views.Legend_town - INFO - ['1', '2', '3', '4']
2021-06-25 13:30:19,024 - app.views.Legend_town - INFO - ['1', '2', '3', '4']
2021-06-25 13:30:21,004 - app.views.Legend_town - INFO - ['1', '2', '3', '4']
2021-06-25 13:31:34,892 - app.views.Legend_town - INFO - ['1', '2', '3', '4']
2021-06-25 13:31:35,771 - app.views.Legend_town - INFO - ['1', '2', '3', '4']
2021-06-25 13:31:55,281 - app.views.Legend_town - INFO - ['1', '2', '3', '4']
2021-06-25 13:31:56,680 - app.views.Legend_town - INFO - ['1', '2', '3', '4']
